[35m[Appium][39m Welcome to Appium v1.22.3
[35m[Appium][39m Non-default server args:
[35m[Appium][39m   port: 58571
[35m[Appium][39m   loglevel: info
[35m[Appium][39m   tmpDir: C:\Users\hp\AppData\Local\Temp\\Katalon\Appium\Temp1686913290718
[35m[Appium][39m   chromedriverPort: 58572
[35m[Appium][39m Deprecated server args:
[35m[Appium][39m   [31m--chromedriver-port[39m => --default-capabilities
[35m[Appium][39m Default capabilities, which will be added to each request unless overridden by desired capabilities:
[35m[Appium][39m   chromedriverPort: 58572
[35m[Appium][39m Appium REST http interface listener started on 0.0.0.0:58571
[35m[HTTP][39m [37m-->[39m [37mGET[39m [37m/wd/hub/status[39m
[35m[HTTP][39m [90m{}[39m
[35m[HTTP][39m [37m<-- GET /wd/hub/status [39m[32m200[39m [90m8 ms - 68[39m
[35m[HTTP][39m [90m[39m
[35m[HTTP][39m [37m-->[39m [37mGET[39m [37m/wd/hub/status[39m
[35m[HTTP][39m [90m{}[39m
[35m[HTTP][39m [37m<-- GET /wd/hub/status [39m[32m200[39m [90m2 ms - 68[39m
[35m[HTTP][39m [90m[39m
[35m[HTTP][39m [37m-->[39m [37mPOST[39m [37m/wd/hub/session[39m
[35m[HTTP][39m [90m{"desiredCapabilities":{"app":"C:\\Users\\hp\\Downloads\\Danakini_3.11.7_apkcombo.com.apk","noReset":true,"deviceName":"samsung SM-A736B (Android 12)","fullReset":false,"platform":"ANDROID","newCommandTimeout":1800,"platformVersion":"12","automationName":"uiautomator2","autoGrantPermissions":true,"platformName":"Android","udid":"RRCT40477BZ","systemPort":58581},"capabilities":{"firstMatch":[{"appium:app":"C:\\Users\\hp\\Downloads\\Danakini_3.11.7_apkcombo.com.apk","appium:autoGrantPermissions":true,"appium:automationName":"uiautomator2","appium:deviceName":"samsung SM-A736B (Android 12)","appium:fullReset":false,"appium:newCommandTimeout":1800,"appium:noReset":true,"platform":"ANDROID","platformName":"android","appium:platformVersion":"12","appium:systemPort":58581,"appium:udid":"RRCT40477BZ"}]}}[39m
[35m[BaseDriver][39m The following capabilities are not standard capabilities and should have an extension prefix:
[35m[BaseDriver][39m   platform
[35m[BaseDriver][39m   chromedriverPort
[35m[Appium][39m Appium v1.22.3 creating new AndroidUiautomator2Driver (v1.70.1) session
[35m[BaseDriver][39m The following capabilities were provided, but are not recognized by Appium:
[35m[BaseDriver][39m   platform
[35m[BaseDriver][39m Session created with session id: d5a8e3e1-7fda-4762-9260-2caf232ba314
[35m[BaseDriver][39m Using local app 'C:\Users\hp\Downloads\Danakini_3.11.7_apkcombo.com.apk'
[35m[ADB][39m Found 1 'build-tools' folders under 'C:\Users\hp\.katalon\tools\android_sdk' (newest first):
[35m[ADB][39m     C:/Users/hp/.katalon/tools/android_sdk/build-tools/29.0.3
[35m[ADB][39m Using 'adb.exe' from 'C:\Users\hp\.katalon\tools\android_sdk\platform-tools\adb.exe'
[35m[AndroidDriver][39m Retrieving device list
[35m[AndroidDriver][39m Using device: RRCT40477BZ
[35m[ADB][39m Using 'adb.exe' from 'C:\Users\hp\.katalon\tools\android_sdk\platform-tools\adb.exe'
[35m[ADB][39m Getting device platform version
[35m[UiAutomator2][39m Relaxing hidden api policy
[35m[ADB][39m Package name: 'com.dki.danakini'
[35m[ADB][39m Main activity name: 'com.dki.danakini.view.splash.SplashScreen'
[35m[UiAutomator2][39m Server package at 'C:\Program Files\Appium Server GUI\resources\app\node_modules\appium\node_modules\appium-uiautomator2-server\apks\appium-uiautomator2-server-v4.27.0.apk' is not writeable. Will copy it into the temporary location at 'C:\Users\hp\AppData\Local\Temp\Katalon\Appium\Temp1686913290718\2023516-29908-758wnt.7bkm3' as a workaround. Consider making this file writeable manually in order to improve the performance of session startup.
[35m[UiAutomator2][39m Server package at 'C:\Program Files\Appium Server GUI\resources\app\node_modules\appium\node_modules\appium-uiautomator2-server\apks\appium-uiautomator2-server-debug-androidTest.apk' is not writeable. Will copy it into the temporary location at 'C:\Users\hp\AppData\Local\Temp\Katalon\Appium\Temp1686913290718\2023516-29908-758wnt.7bkm3' as a workaround. Consider making this file writeable manually in order to improve the performance of session startup.
[35m[ADB][39m Using 'apksigner.jar' from 'C:\Users\hp\.katalon\tools\android_sdk\build-tools\29.0.3\lib\apksigner.jar'
[35m[ADB][39m 'C:\Users\hp\AppData\Local\Temp\Katalon\Appium\Temp1686913290718\2023516-29908-758wnt.7bkm3\appium-uiautomator2-server-v4.27.0.apk' is signed with the default certificate
[35m[ADB][39m 'C:\Users\hp\AppData\Local\Temp\Katalon\Appium\Temp1686913290718\2023516-29908-758wnt.7bkm3\appium-uiautomator2-server-debug-androidTest.apk' is signed with the default certificate
[35m[UiAutomator2][39m Server packages are not going to be (re)installed
[35m[ADB][39m Adding packages ["io.appium.settings","io.appium.uiautomator2.server","io.appium.uiautomator2.server.test"] to Doze whitelist
[35m[ADB][39m 'C:\Users\hp\Downloads\Danakini_3.11.7_apkcombo.com.apk' is signed with a non-default certificate
[35m[UiAutomator2][39m Starting UIAutomator2 server 4.27.0
[35m[UiAutomator2][39m Using UIAutomator2 server from 'C:\Program Files\Appium Server GUI\resources\app\node_modules\appium\node_modules\appium-uiautomator2-server\apks\appium-uiautomator2-server-v4.27.0.apk' and test from 'C:\Program Files\Appium Server GUI\resources\app\node_modules\appium\node_modules\appium-uiautomator2-server\apks\appium-uiautomator2-server-debug-androidTest.apk'
[35m[UiAutomator2][39m Waiting up to 30000ms for UiAutomator2 to be online...
[35m[WD Proxy][39m socket hang up
[35m[WD Proxy][39m socket hang up
[35m[WD Proxy][39m Determined the downstream protocol as 'W3C'
[35m[AndroidDriver][39m Screen already unlocked, doing nothing
[35m[UiAutomator2][39m Starting 'com.dki.danakini/com.dki.danakini.view.splash.SplashScreen and waiting for 'com.dki.danakini/com.dki.danakini.view.splash.SplashScreen'
[35m[Appium][39m New AndroidUiautomator2Driver session created successfully, session d5a8e3e1-7fda-4762-9260-2caf232ba314 added to master session list
[35m[HTTP][39m [37m<-- POST /wd/hub/session [39m[32m200[39m [90m12221 ms - 1269[39m
[35m[HTTP][39m [90m[39m
[35m[HTTP][39m [37m-->[39m [37mGET[39m [37m/wd/hub/session/d5a8e3e1-7fda-4762-9260-2caf232ba314[39m
[35m[HTTP][39m [90m{}[39m
[35m[HTTP][39m [37m<-- GET /wd/hub/session/d5a8e3e1-7fda-4762-9260-2caf232ba314 [39m[32m200[39m [90m9 ms - 1223[39m
[35m[HTTP][39m [90m[39m
[35m[HTTP][39m [37m-->[39m [37mGET[39m [37m/wd/hub/session/d5a8e3e1-7fda-4762-9260-2caf232ba314[39m
[35m[HTTP][39m [90m{}[39m
[35m[HTTP][39m [37m<-- GET /wd/hub/session/d5a8e3e1-7fda-4762-9260-2caf232ba314 [39m[32m200[39m [90m7 ms - 1223[39m
[35m[HTTP][39m [90m[39m
[35m[HTTP][39m [37m-->[39m [37mGET[39m [37m/wd/hub/status[39m
[35m[HTTP][39m [90m{}[39m
[35m[HTTP][39m [37m<-- GET /wd/hub/status [39m[32m200[39m [90m1 ms - 68[39m
[35m[HTTP][39m [90m[39m
[35m[HTTP][39m [37m-->[39m [37mPOST[39m [37m/wd/hub/session/d5a8e3e1-7fda-4762-9260-2caf232ba314/timeouts[39m
[35m[HTTP][39m [90m{"implicit":60000}[39m
[35m[HTTP][39m [37m<-- POST /wd/hub/session/d5a8e3e1-7fda-4762-9260-2caf232ba314/timeouts [39m[32m200[39m [90m4 ms - 14[39m
[35m[HTTP][39m [90m[39m
[35m[HTTP][39m [37m-->[39m [37mGET[39m [37m/wd/hub/session/d5a8e3e1-7fda-4762-9260-2caf232ba314/source[39m
[35m[HTTP][39m [90m{}[39m
[35m[W3C (d5a8e3e1)][39m Driver proxy active, passing request on via HTTP proxy
[35m[WD Proxy][39m Replacing sessionId 0e2261c2-5d79-4fa0-8f5b-81d05ef09f44 with d5a8e3e1-7fda-4762-9260-2caf232ba314
[35m[HTTP][39m [37m<-- GET /wd/hub/session/d5a8e3e1-7fda-4762-9260-2caf232ba314/source [39m[32m200[39m [90m283 ms - 4735[39m
[35m[HTTP][39m [90m[39m
[35m[HTTP][39m [37m-->[39m [37mGET[39m [37m/wd/hub/session/d5a8e3e1-7fda-4762-9260-2caf232ba314/screenshot[39m
[35m[HTTP][39m [90m{}[39m
[35m[HTTP][39m [37m<-- GET /wd/hub/session/d5a8e3e1-7fda-4762-9260-2caf232ba314/screenshot [39m[32m200[39m [90m312 ms - 191778[39m
[35m[HTTP][39m [90m[39m
[35m[HTTP][39m [37m-->[39m [37mGET[39m [37m/wd/hub/session/d5a8e3e1-7fda-4762-9260-2caf232ba314/source[39m
[35m[HTTP][39m [90m{}[39m
[35m[W3C (d5a8e3e1)][39m Driver proxy active, passing request on via HTTP proxy
[35m[WD Proxy][39m Replacing sessionId 0e2261c2-5d79-4fa0-8f5b-81d05ef09f44 with d5a8e3e1-7fda-4762-9260-2caf232ba314
[35m[HTTP][39m [37m<-- GET /wd/hub/session/d5a8e3e1-7fda-4762-9260-2caf232ba314/source [39m[32m200[39m [90m186 ms - 54781[39m
[35m[HTTP][39m [90m[39m
[35m[HTTP][39m [37m-->[39m [37mGET[39m [37m/wd/hub/session/d5a8e3e1-7fda-4762-9260-2caf232ba314/screenshot[39m
[35m[HTTP][39m [90m{}[39m
[35m[HTTP][39m [37m<-- GET /wd/hub/session/d5a8e3e1-7fda-4762-9260-2caf232ba314/screenshot [39m[32m200[39m [90m889 ms - 1818514[39m
[35m[HTTP][39m [90m[39m
[35m[HTTP][39m [37m-->[39m [37mPOST[39m [37m/wd/hub/session/d5a8e3e1-7fda-4762-9260-2caf232ba314/elements[39m
[35m[HTTP][39m [90m{"using":"xpath","value":"//*[@class = 'android.view.ViewGroup' and @resource-id = 'com.dki.danakini:id/navigation_bar_item_labels_group' and (@text = '' or . = '')]"}[39m
[35m[HTTP][39m [37m<-- POST /wd/hub/session/d5a8e3e1-7fda-4762-9260-2caf232ba314/elements [39m[32m200[39m [90m394 ms - 523[39m
[35m[HTTP][39m [90m[39m
[35m[HTTP][39m [37m-->[39m [37mPOST[39m [37m/wd/hub/session/d5a8e3e1-7fda-4762-9260-2caf232ba314/elements[39m
[35m[HTTP][39m [90m{"using":"id","value":"com.dki.danakini:id/navigation_bar_item_labels_group"}[39m
[35m[HTTP][39m [37m<-- POST /wd/hub/session/d5a8e3e1-7fda-4762-9260-2caf232ba314/elements [39m[32m200[39m [90m193 ms - 523[39m
[35m[HTTP][39m [90m[39m
[35m[HTTP][39m [37m-->[39m [37mPOST[39m [37m/wd/hub/session/d5a8e3e1-7fda-4762-9260-2caf232ba314/elements[39m
[35m[HTTP][39m [90m{"using":"-android uiautomator","value":"new UiSelector().className(\"android.view.ViewGroup\").resourceId(\"com.dki.danakini:id/navigation_bar_item_labels_group\")"}[39m
[35m[HTTP][39m [37m<-- POST /wd/hub/session/d5a8e3e1-7fda-4762-9260-2caf232ba314/elements [39m[32m200[39m [90m259 ms - 523[39m
[35m[HTTP][39m [90m[39m
[35m[HTTP][39m [37m-->[39m [37mPOST[39m [37m/wd/hub/session/d5a8e3e1-7fda-4762-9260-2caf232ba314/elements[39m
[35m[HTTP][39m [90m{"using":"xpath","value":"//*[@class = 'android.widget.TextView' and (@text = 'Profil' or . = 'Profil') and @resource-id = 'com.dki.danakini:id/navigation_bar_item_small_label_view']"}[39m
[35m[HTTP][39m [37m<-- POST /wd/hub/session/d5a8e3e1-7fda-4762-9260-2caf232ba314/elements [39m[32m200[39m [90m6431 ms - 139[39m
[35m[HTTP][39m [90m[39m
[35m[HTTP][39m [37m-->[39m [37mGET[39m [37m/wd/hub/session/d5a8e3e1-7fda-4762-9260-2caf232ba314/source[39m
[35m[HTTP][39m [90m{}[39m
[35m[W3C (d5a8e3e1)][39m Driver proxy active, passing request on via HTTP proxy
[35m[WD Proxy][39m Replacing sessionId 0e2261c2-5d79-4fa0-8f5b-81d05ef09f44 with d5a8e3e1-7fda-4762-9260-2caf232ba314
[35m[HTTP][39m [37m<-- GET /wd/hub/session/d5a8e3e1-7fda-4762-9260-2caf232ba314/source [39m[32m200[39m [90m162 ms - 34513[39m
[35m[HTTP][39m [90m[39m
[35m[HTTP][39m [37m-->[39m [37mGET[39m [37m/wd/hub/session/d5a8e3e1-7fda-4762-9260-2caf232ba314/screenshot[39m
[35m[HTTP][39m [90m{}[39m
[35m[HTTP][39m [37m<-- GET /wd/hub/session/d5a8e3e1-7fda-4762-9260-2caf232ba314/screenshot [39m[32m200[39m [90m391 ms - 197788[39m
[35m[HTTP][39m [90m[39m
[35m[HTTP][39m [37m-->[39m [37mGET[39m [37m/wd/hub/session/d5a8e3e1-7fda-4762-9260-2caf232ba314/source[39m
[35m[HTTP][39m [90m{}[39m
[35m[W3C (d5a8e3e1)][39m Driver proxy active, passing request on via HTTP proxy
[35m[WD Proxy][39m Replacing sessionId 0e2261c2-5d79-4fa0-8f5b-81d05ef09f44 with d5a8e3e1-7fda-4762-9260-2caf232ba314
[35m[HTTP][39m [37m<-- GET /wd/hub/session/d5a8e3e1-7fda-4762-9260-2caf232ba314/source [39m[32m200[39m [90m243 ms - 34812[39m
[35m[HTTP][39m [90m[39m
[35m[HTTP][39m [37m-->[39m [37mGET[39m [37m/wd/hub/session/d5a8e3e1-7fda-4762-9260-2caf232ba314/screenshot[39m
[35m[HTTP][39m [90m{}[39m
[35m[HTTP][39m [37m<-- GET /wd/hub/session/d5a8e3e1-7fda-4762-9260-2caf232ba314/screenshot [39m[32m200[39m [90m412 ms - 208646[39m
[35m[HTTP][39m [90m[39m
[35m[HTTP][39m [37m-->[39m [37mDELETE[39m [37m/wd/hub/session/d5a8e3e1-7fda-4762-9260-2caf232ba314[39m
[35m[HTTP][39m [90m{}[39m
[35m[Appium][39m Removing session d5a8e3e1-7fda-4762-9260-2caf232ba314 from our master session list
[35m[UiAutomator2][39m Restoring hidden api policy to the device default configuration
[35m[HTTP][39m [37m<-- DELETE /wd/hub/session/d5a8e3e1-7fda-4762-9260-2caf232ba314 [39m[32m200[39m [90m492 ms - 14[39m
[35m[HTTP][39m [90m[39m
